<?xml version="1.0" encoding="UTF-8"?>
<testsuite name="com.example.project.TestUser" tests="2" skipped="0" failures="0" errors="0" timestamp="2025-01-25T04:39:04" hostname="codespaces-6f34a7" time="0.027">
  <properties/>
  <testcase name="testUserConstructor()" classname="com.example.project.TestUser" time="0.016"/>
  <testcase name="testUserInfo()" classname="com.example.project.TestUser" time="0.008"/>
  <system-out><![CDATA[]]></system-out>
  <system-err><![CDATA[]]></system-err>
</testsuite>
