<?xml version="1.0" encoding="UTF-8"?>
<testsuite name="com.example.project.TestUser" tests="2" skipped="0" failures="0" errors="0" timestamp="2025-01-25T04:44:43" hostname="codespaces-6f34a7" time="0.028">
  <properties/>
  <testcase name="testUserConstructor()" classname="com.example.project.TestUser" time="0.023"/>
  <testcase name="testUserInfo()" classname="com.example.project.TestUser" time="0.003"/>
  <system-out><![CDATA[]]></system-out>
  <system-err><![CDATA[]]></system-err>
</testsuite>
