<?xml version="1.0" encoding="UTF-8"?>
<testsuite name="com.example.project.TestIdGenerate" tests="1" skipped="0" failures="0" errors="0" timestamp="2025-01-25T04:44:43" hostname="codespaces-6f34a7" time="0.001">
  <properties/>
  <testcase name="testIdGenerate()" classname="com.example.project.TestIdGenerate" time="0.001"/>
  <system-out><![CDATA[]]></system-out>
  <system-err><![CDATA[]]></system-err>
</testsuite>
